<?xml version="1.0" encoding="UTF-8"?>
<!-- Generated by org.testng.reporters.JUnitReportReporter -->
<testsuite hostname="Himanshus-MacBook-Air.local" failures="0" tests="1" name="OrangeHRMPages.TS_001LoginPageValidation" time="32.670" errors="0" timestamp="2023-02-06T16:19:01 IST" skipped="0">
  <testcase classname="OrangeHRMPages.TS_001LoginPageValidation" name="TC01" time="32.670"/>
  <system-out/>
</testsuite> <!-- OrangeHRMPages.TS_001LoginPageValidation -->
